<?xml version="1.0" encoding="UTF-8"?>
<!-- Generated by org.testng.reporters.JUnitXMLReporter -->
<testsuite ignored="1" hostname="LAPTOP-NBMK9AQH" failures="0" tests="3" name="Default test" time="0.055" errors="0" timestamp="2023-11-10T18:49:06 IST">
  <testcase classname="framework.testng1.Day3" name="MobilePersonalLoan" time="0.007"/>
  <testcase classname="framework.testng1.Day3" name="WebPersonalLoan" time="0.002"/>
  <testcase classname="framework.testng1.Day3" name="a_method" time="0.006"/>
  <testcase classname="framework.testng1.Day3" name="b_method" time="0.0">
    <ignored/>
  </testcase> <!-- b_method -->
</testsuite> <!-- Default test -->
