<?xml version="1.0" encoding="UTF-8"?>
<!-- Generated by org.testng.reporters.JUnitXMLReporter -->
<testsuite ignored="1" hostname="LAPTOP-NBMK9AQH" failures="0" tests="13" name="Test" time="0.084" errors="0" timestamp="2023-11-10T19:50:22 IST">
  <testcase classname="framework.testng1.Day1" name="MobileHomeLoan" time="0.006"/>
  <testcase classname="framework.testng1.Day1" name="WebHomeLoan" time="0.002"/>
  <testcase classname="framework.testng1.Day2" name="MobileCarLoan" time="0.002"/>
  <testcase classname="framework.testng1.Day2" name="WebCarLoan" time="0.001"/>
  <testcase classname="framework.testng1.Day3" name="MobilePersonalLoan" time="0.0"/>
  <testcase classname="framework.testng1.Day3" name="WebPersonalLoan" time="0.002"/>
  <testcase classname="framework.testng1.Day3" name="a_method" time="0.005"/>
  <testcase classname="framework.testng1.Day3" name="beetroot" time="0.001"/>
  <testcase classname="framework.testng1.Day3" name="carrot" time="0.001"/>
  <testcase classname="framework.testng1.Day3" name="drumstick" time="0.001"/>
  <testcase classname="framework.testng1.Day3" name="apple" time="0.0"/>
  <testcase classname="framework.testng1.Day4" name="MobileEducationLoan" time="0.001"/>
  <testcase classname="framework.testng1.Day4" name="WebEducationLoan" time="0.0"/>
  <testcase classname="framework.testng1.Day3" name="b_method" time="0.0">
    <ignored/>
  </testcase> <!-- b_method -->
</testsuite> <!-- Test -->
