<?xml version="1.0" encoding="UTF-8"?>
<!-- Generated by org.testng.reporters.JUnitXMLReporter -->
<testsuite ignored="12" hostname="LAPTOP-NBMK9AQH" failures="0" tests="2" name="Test" time="0.069" errors="0" timestamp="2023-11-12T12:16:36 IST">
  <testcase classname="framework.testng1.Day2" name="MobileCarLoan" time="0.008"/>
  <testcase classname="framework.testng1.Day2" name="WebCarLoan" time="0.0"/>
  <testcase classname="framework.testng1.Day1" name="WebHomeLoan" time="0.0">
    <ignored/>
  </testcase> <!-- WebHomeLoan -->
  <testcase classname="framework.testng1.Day4" name="MobileEducationLoan" time="0.0">
    <ignored/>
  </testcase> <!-- MobileEducationLoan -->
  <testcase classname="framework.testng1.Day3" name="beetroot" time="0.0">
    <ignored/>
  </testcase> <!-- beetroot -->
  <testcase classname="framework.testng1.Day3" name="WebPersonalLoan" time="0.0">
    <ignored/>
  </testcase> <!-- WebPersonalLoan -->
  <testcase classname="framework.testng1.Day3" name="MobilePersonalLoan" time="0.0">
    <ignored/>
  </testcase> <!-- MobilePersonalLoan -->
  <testcase classname="framework.testng1.Day3" name="a_method" time="0.0">
    <ignored/>
  </testcase> <!-- a_method -->
  <testcase classname="framework.testng1.Day3" name="drumstick" time="0.0">
    <ignored/>
  </testcase> <!-- drumstick -->
  <testcase classname="framework.testng1.Day3" name="apple" time="0.0">
    <ignored/>
  </testcase> <!-- apple -->
  <testcase classname="framework.testng1.Day4" name="WebEducationLoan" time="0.0">
    <ignored/>
  </testcase> <!-- WebEducationLoan -->
  <testcase classname="framework.testng1.Day3" name="b_method" time="0.0">
    <ignored/>
  </testcase> <!-- b_method -->
  <testcase classname="framework.testng1.Day1" name="MobileHomeLoan" time="0.0">
    <ignored/>
  </testcase> <!-- MobileHomeLoan -->
  <testcase classname="framework.testng1.Day3" name="carrot" time="0.0">
    <ignored/>
  </testcase> <!-- carrot -->
</testsuite> <!-- Test -->
